<?xml version="1.0" encoding="UTF-8"?>
<testsuite name="helloworld.AppTest" tests="1" skipped="0" failures="0" errors="0" timestamp="2022-01-02T06:43:52" hostname="ALOKAPARANJI-PC" time="1.151">
  <properties/>
  <testcase name="successfulResponse" classname="helloworld.AppTest" time="1.151"/>
  <system-out><![CDATA[]]></system-out>
  <system-err><![CDATA[]]></system-err>
</testsuite>
